<?xml version="1.0" encoding="UTF-8"?>
<!-- Generated by org.testng.reporters.JUnitReportReporter -->
<testsuite hostname="ICPL12466" name="Demo.Demo2" tests="1" failures="0" timestamp="15 Sep 2017 07:37:11 GMT" time="0.000" errors="0">
  <testcase name="testCaseTwo" time="0.000" classname="Demo.Demo2"/>
</testsuite> <!-- Demo.Demo2 -->
